<?xml version="1.0" encoding="UTF-8"?>
<!-- Generated by org.testng.reporters.JUnitReportReporter -->
<testsuite hostname="DESKTOP-7UARISK" failures="0" tests="1" name="eWaybill.RegistrationTests" time="13.030" errors="0" timestamp="2023-09-19T21:12:35 EEST" skipped="0">
  <testcase classname="eWaybill.RegistrationTests" name="freightForwarderRoleRegistration" time="13.030"/>
  <system-out/>
</testsuite> <!-- eWaybill.RegistrationTests -->
